SCP Driver Installer 1.2.2.175 [10/30/2015 11:32:40 AM]

Detected - Microsoft Windows 10 Enterprise (6.2.9200.0 AMD64)
Selected DEFAULT configuration.

INFO    - ENTER:  DriverPackageInstallW
INFO    - Looking for Model Section [SCProductions.NTamd64]...
INFO    - Installing INF file 'C:\Users\Vergil\Downloads\Compressed\Scarlet.Crush Productions (updated to 1.2.2.175)\Scarlet.Crush Productions\ScpServer\bin\System\ScpVBus.inf' (Plug and Play).
INFO    - Looking for Model Section [SCProductions.NTamd64]...
INFO    - Installing devices with Id "root\ScpVBus" using INF "C:\Windows\System32\DriverStore\FileRepository\scpvbus.inf_amd64_21ca245c0e23d7a5\scpvbus.inf".
INFO    - Will force install because driver is not better and force flag is set.
INFO    - ENTER UpdateDriverForPlugAndPlayDevices...
SUCCESS - RETURN UpdateDriverForPlugAndPlayDevices.
INFO    - Installation was successful.
SUCCESS - Install completed
INFO    - RETURN: DriverPackageInstallW  (0x0)
INFO    - ENTER:  DriverPackageInstallW
INFO    - Looking for Model Section [SCProductions.NTamd64]...
INFO    - No matching devices found in INF "C:\Users\Vergil\Downloads\Compressed\Scarlet.Crush Productions (updated to 1.2.2.175)\Scarlet.Crush Productions\ScpServer\bin\System\BthWinUsb.inf" on the Machine.
INFO    - RETURN: DriverPackageInstallW  (0xE000020B)
INFO    - ENTER:  DriverPackageInstallW
INFO    - Looking for Model Section [SCProductions.NTamd64]...
INFO    - Installing INF file 'C:\Users\Vergil\Downloads\Compressed\Scarlet.Crush Productions (updated to 1.2.2.175)\Scarlet.Crush Productions\ScpServer\bin\System\Ds3WinUsb.inf' (Plug and Play).
INFO    - Looking for Model Section [SCProductions.NTamd64]...
INFO    - Installing devices with Id "USB\VID_054C&PID_0268&REV_0100" using INF "C:\Windows\System32\DriverStore\FileRepository\ds3winusb.inf_amd64_15691982ca5c21ae\ds3winusb.inf".
INFO    - Will force install because driver is not better and force flag is set.
INFO    - ENTER UpdateDriverForPlugAndPlayDevices...
SUCCESS - RETURN UpdateDriverForPlugAndPlayDevices.
INFO    - Installation was successful.
INFO    - Phantom Device with Hardware/Compatible Id 'USB\VID_054C&PID_0268&REV_0100' already has 'C:\Windows\System32\DriverStore\FileRepository\ds3winusb.inf_amd64_15691982ca5c21ae\ds3winusb.inf' installed on it.
INFO    - Phantom Device with Hardware/Compatible Id 'USB\VID_054C&PID_0268&REV_0100' already has 'C:\Windows\System32\DriverStore\FileRepository\ds3winusb.inf_amd64_15691982ca5c21ae\ds3winusb.inf' installed on it.
SUCCESS - Install completed
INFO    - RETURN: DriverPackageInstallW  (0x0)

Install Succeeded. [Reboot Required]

-- Install Summary --
Bus Driver
DS3 USB Driver



SCP Driver Installer 1.2.2.175 [11/4/2015 8:11:26 PM]

Detected - Microsoft Windows 10 Enterprise (6.2.9200.0 AMD64)
Selected DEFAULT configuration.


SCP Driver Installer 1.2.2.175 [11/4/2015 8:11:41 PM]

Detected - Microsoft Windows 10 Enterprise (6.2.9200.0 AMD64)
Selected DEFAULT configuration.

INFO    - SCP DS3 Service Stopped.
INFO    - ENTER:  DriverPackageUninstallW
INFO    - No driver store entry for 'C:\Users\Vergil\Downloads\Compressed\Scarlet.Crush Productions\ScpServer\bin\System\BthWinUsb.inf' found.
INFO    - RETURN: DriverPackageUninstallW  (0xE0000302)
INFO    - ENTER:  DriverPackageUninstallW
INFO    - Uninstalling driver package C:\Users\Vergil\Downloads\Compressed\Scarlet.Crush Productions\ScpServer\bin\System\Ds3WinUsb.inf...
INFO    - Successfully uninstalled 'C:\Windows\INF\oem20.inf'.
SUCCESS - Phantom device with device instance ID 'USB\VID_054C&PID_0268\6&7ED6F6A&0&2' marked for reinstall.
SUCCESS - Phantom device with device instance ID 'USB\VID_054C&PID_0268\6&39A0026B&0&3' marked for reinstall.
SUCCESS - Phantom device with device instance ID 'USB\VID_054C&PID_0268\6&39A0026B&0&4' marked for reinstall.
INFO    - Successfully uninstalled 3 devices for C:\Windows\System32\DriverStore\FileRepository\ds3winusb.inf_amd64_15691982ca5c21ae\ds3winusb.inf.
INFO    - Successfully deleted properties for driver store entry 'C:\Windows\System32\DriverStore\FileRepository\ds3winusb.inf_amd64_15691982ca5c21ae\ds3winusb.inf'.
SUCCESS - Uninstall completed.
INFO    - RETURN: DriverPackageUninstallW  (0x0)
SUCCESS - Virtual Bus Removed
INFO    - ENTER:  DriverPackageUninstallW
INFO    - Uninstalling driver package C:\Users\Vergil\Downloads\Compressed\Scarlet.Crush Productions\ScpServer\bin\System\ScpVBus.inf...
INFO    - Successfully uninstalled 'C:\Windows\INF\oem19.inf'.
INFO    - No devices found for C:\Windows\System32\DriverStore\FileRepository\scpvbus.inf_amd64_21ca245c0e23d7a5\scpvbus.inf uninstall.
INFO    - Successfully deleted properties for driver store entry 'C:\Windows\System32\DriverStore\FileRepository\scpvbus.inf_amd64_21ca245c0e23d7a5\scpvbus.inf'.
SUCCESS - Uninstall completed.
INFO    - RETURN: DriverPackageUninstallW  (0x0)

Uninstall Succeeded.

-- Uninstall Summary --
SCP DS3 Service
Bus Device
DS3 USB Driver


SCP Driver Installer 1.2.2.175 [11/4/2015 8:12:21 PM]

Detected - Microsoft Windows 10 Enterprise (6.2.9200.0 AMD64)
Selected DEFAULT configuration.

INFO    - ENTER:  DriverPackageUninstallW
INFO    - No driver store entry for 'C:\Users\Vergil\Downloads\Compressed\Scarlet.Crush Productions\ScpServer\bin\System\BthWinUsb.inf' found.
INFO    - RETURN: DriverPackageUninstallW  (0xE0000302)
INFO    - ENTER:  DriverPackageUninstallW
INFO    - No driver store entry for 'C:\Users\Vergil\Downloads\Compressed\Scarlet.Crush Productions\ScpServer\bin\System\Ds3WinUsb.inf' found.
INFO    - RETURN: DriverPackageUninstallW  (0xE0000302)

Uninstall Succeeded.

-- Uninstall Summary --

INFO    - ENTER:  DriverPackageUninstallW
INFO    - No driver store entry for 'C:\Users\Vergil\Downloads\Compressed\Scarlet.Crush Productions\ScpServer\bin\System\BthWinUsb.inf' found.
INFO    - RETURN: DriverPackageUninstallW  (0xE0000302)
INFO    - ENTER:  DriverPackageUninstallW
INFO    - No driver store entry for 'C:\Users\Vergil\Downloads\Compressed\Scarlet.Crush Productions\ScpServer\bin\System\Ds3WinUsb.inf' found.
INFO    - RETURN: DriverPackageUninstallW  (0xE0000302)

Uninstall Succeeded.

-- Uninstall Summary --

INFO    - ENTER:  DriverPackageUninstallW
INFO    - No driver store entry for 'C:\Users\Vergil\Downloads\Compressed\Scarlet.Crush Productions\ScpServer\bin\System\BthWinUsb.inf' found.
INFO    - RETURN: DriverPackageUninstallW  (0xE0000302)
INFO    - ENTER:  DriverPackageUninstallW
INFO    - No driver store entry for 'C:\Users\Vergil\Downloads\Compressed\Scarlet.Crush Productions\ScpServer\bin\System\Ds3WinUsb.inf' found.
INFO    - RETURN: DriverPackageUninstallW  (0xE0000302)

Uninstall Succeeded.

-- Uninstall Summary --


SCP Driver Installer 1.2.2.175 [11/4/2015 8:13:13 PM]

Detected - Microsoft Windows 10 Enterprise (6.2.9200.0 AMD64)
Selected DEFAULT configuration.

SUCCESS - Virtual Bus Created
INFO    - ENTER:  DriverPackageInstallW
INFO    - Looking for Model Section [SCProductions.NTamd64]...
INFO    - Installing INF file 'C:\Users\Vergil\Downloads\Compressed\Scarlet.Crush Productions\ScpServer\bin\System\ScpVBus.inf' (Plug and Play).
INFO    - Looking for Model Section [SCProductions.NTamd64]...
INFO    - Installing devices with Id "root\ScpVBus" using INF "C:\Windows\System32\DriverStore\FileRepository\scpvbus.inf_amd64_21ca245c0e23d7a5\ScpVBus.inf".
INFO    - ENTER UpdateDriverForPlugAndPlayDevices...
SUCCESS - RETURN UpdateDriverForPlugAndPlayDevices.
INFO    - Installation was successful.
SUCCESS - Install completed
INFO    - RETURN: DriverPackageInstallW  (0x0)
INFO    - ENTER:  DriverPackageInstallW
INFO    - Looking for Model Section [SCProductions.NTamd64]...
INFO    - No matching devices found in INF "C:\Users\Vergil\Downloads\Compressed\Scarlet.Crush Productions\ScpServer\bin\System\BthWinUsb.inf" on the Machine.
INFO    - RETURN: DriverPackageInstallW  (0xE000020B)
INFO    - ENTER:  DriverPackageInstallW
INFO    - Looking for Model Section [SCProductions.NTamd64]...
INFO    - RETURN: DriverPackageInstallW  (0xE000020B)
INFO    - SCP DS3 Service Started.

Install Succeeded.

-- Install Summary --
SCP DS3 Service
Bus Device
Bus Driver



SCP Driver Installer 1.2.2.175 [11/4/2015 8:15:50 PM]

Detected - Microsoft Windows 10 Enterprise (6.2.9200.0 AMD64)
Selected DEFAULT configuration.

INFO    - ENTER:  DriverPackageInstallW
INFO    - Looking for Model Section [SCProductions.NTamd64]...
INFO    - Installing INF file 'C:\Users\Vergil\Downloads\Compressed\Scarlet.Crush Productions\ScpServer\bin\System\ScpVBus.inf' (Plug and Play).
INFO    - Looking for Model Section [SCProductions.NTamd64]...
INFO    - Installing devices with Id "root\ScpVBus" using INF "C:\Windows\System32\DriverStore\FileRepository\scpvbus.inf_amd64_21ca245c0e23d7a5\scpvbus.inf".
INFO    - Will force install because driver is not better and force flag is set.
INFO    - ENTER UpdateDriverForPlugAndPlayDevices...
SUCCESS - RETURN UpdateDriverForPlugAndPlayDevices.
INFO    - Installation was successful.
SUCCESS - Install completed
INFO    - RETURN: DriverPackageInstallW  (0x0)
INFO    - ENTER:  DriverPackageInstallW
INFO    - Looking for Model Section [SCProductions.NTamd64]...
INFO    - No matching devices found in INF "C:\Users\Vergil\Downloads\Compressed\Scarlet.Crush Productions\ScpServer\bin\System\BthWinUsb.inf" on the Machine.
INFO    - RETURN: DriverPackageInstallW  (0xE000020B)
INFO    - ENTER:  DriverPackageInstallW
INFO    - Looking for Model Section [SCProductions.NTamd64]...
INFO    - Installing INF file 'C:\Users\Vergil\Downloads\Compressed\Scarlet.Crush Productions\ScpServer\bin\System\Ds3WinUsb.inf' (Plug and Play).
INFO    - Looking for Model Section [SCProductions.NTamd64]...
INFO    - Installing devices with Id "USB\VID_054C&PID_0268&REV_0100" using INF "C:\Windows\System32\DriverStore\FileRepository\ds3winusb.inf_amd64_15691982ca5c21ae\Ds3WinUsb.inf".
INFO    - ENTER UpdateDriverForPlugAndPlayDevices...
SUCCESS - RETURN UpdateDriverForPlugAndPlayDevices.
INFO    - Installation was successful.
INFO    - Phantom Device with Hardware/Compatible Id 'USB\VID_054C&PID_0268&REV_0100' already has 'C:\Windows\System32\DriverStore\FileRepository\ds3winusb.inf_amd64_15691982ca5c21ae\Ds3WinUsb.inf' installed on it.
INFO    - Phantom Device with Hardware/Compatible Id 'USB\VID_054C&PID_0268&REV_0100' already has 'C:\Windows\System32\DriverStore\FileRepository\ds3winusb.inf_amd64_15691982ca5c21ae\Ds3WinUsb.inf' installed on it.
SUCCESS - Install completed
INFO    - RETURN: DriverPackageInstallW  (0x0)

Install Succeeded. [Reboot Required]

-- Install Summary --
Bus Driver
DS3 USB Driver



SCP Driver Installer 1.2.2.175 [11/8/2015 11:22:54 PM]

Detected - Microsoft Windows 10 Enterprise (6.2.9200.0 AMD64)
Selected DEFAULT configuration.

INFO    - ENTER:  DriverPackageInstallW
INFO    - Looking for Model Section [SCProductions.NTamd64]...
INFO    - Installing INF file 'C:\Users\Vergil\Downloads\Compressed\Scarlet.Crush Productions\ScpServer\bin\System\ScpVBus.inf' (Plug and Play).
INFO    - Looking for Model Section [SCProductions.NTamd64]...
INFO    - Installing devices with Id "root\ScpVBus" using INF "C:\Windows\System32\DriverStore\FileRepository\scpvbus.inf_amd64_21ca245c0e23d7a5\scpvbus.inf".
INFO    - Will force install because driver is not better and force flag is set.
INFO    - ENTER UpdateDriverForPlugAndPlayDevices...
SUCCESS - RETURN UpdateDriverForPlugAndPlayDevices.
INFO    - Installation was successful.
SUCCESS - Install completed
INFO    - RETURN: DriverPackageInstallW  (0x0)
INFO    - ENTER:  DriverPackageInstallW
INFO    - Looking for Model Section [SCProductions.NTamd64]...
INFO    - No matching devices found in INF "C:\Users\Vergil\Downloads\Compressed\Scarlet.Crush Productions\ScpServer\bin\System\BthWinUsb.inf" on the Machine.
INFO    - RETURN: DriverPackageInstallW  (0xE000020B)
INFO    - ENTER:  DriverPackageInstallW
INFO    - Looking for Model Section [SCProductions.NTamd64]...
INFO    - Installing INF file 'C:\Users\Vergil\Downloads\Compressed\Scarlet.Crush Productions\ScpServer\bin\System\Ds3WinUsb.inf' (Plug and Play).
INFO    - Looking for Model Section [SCProductions.NTamd64]...
INFO    - Installing devices with Id "USB\VID_054C&PID_0268&REV_0100" using INF "C:\Windows\System32\DriverStore\FileRepository\ds3winusb.inf_amd64_15691982ca5c21ae\ds3winusb.inf".
INFO    - Will force install because driver is not better and force flag is set.
INFO    - ENTER UpdateDriverForPlugAndPlayDevices...
SUCCESS - RETURN UpdateDriverForPlugAndPlayDevices.
INFO    - Installation was successful.
INFO    - Phantom Device with Hardware/Compatible Id 'USB\VID_054C&PID_0268&REV_0100' already has 'C:\Windows\System32\DriverStore\FileRepository\ds3winusb.inf_amd64_15691982ca5c21ae\ds3winusb.inf' installed on it.
INFO    - Phantom Device with Hardware/Compatible Id 'USB\VID_054C&PID_0268&REV_0100' already has 'C:\Windows\System32\DriverStore\FileRepository\ds3winusb.inf_amd64_15691982ca5c21ae\ds3winusb.inf' installed on it.
SUCCESS - Install completed
INFO    - RETURN: DriverPackageInstallW  (0x0)

Install Succeeded. [Reboot Required]

-- Install Summary --
Bus Driver
DS3 USB Driver



SCP Driver Installer 1.2.2.175 [4/21/2016 3:02:09 AM]

Detected - Microsoft Windows 10 Home Insider Preview (6.2.9200.0 AMD64)
Selected DEFAULT configuration.


SCP Driver Installer 1.2.2.175 [4/30/2016 6:53:46 AM]

Detected - Microsoft Windows 10 Home Insider Preview (6.2.9200.0 AMD64)
Selected DEFAULT configuration.


SCP Driver Installer 1.2.2.175 [4/30/2016 6:54:13 AM]

Detected - Microsoft Windows 10 Home Insider Preview (6.2.9200.0 AMD64)
Selected DEFAULT configuration.

SUCCESS - Virtual Bus Created
INFO    - ENTER:  DriverPackageInstallW
INFO    - Looking for Model Section [SCProductions.NTamd64]...
INFO    - Installing INF file 'C:\Users\vergil\Documents\Scarlet.Crush Productions\ScpServer\bin\System\ScpVBus.inf' (Plug and Play).
INFO    - Looking for Model Section [SCProductions.NTamd64]...
INFO    - Installing devices with Id "root\ScpVBus" using INF "C:\Windows\System32\DriverStore\FileRepository\scpvbus.inf_amd64_21ca245c0e23d7a5\ScpVBus.inf".
INFO    - ENTER UpdateDriverForPlugAndPlayDevices...
SUCCESS - RETURN UpdateDriverForPlugAndPlayDevices.
INFO    - Installation was successful.
SUCCESS - Install completed
INFO    - RETURN: DriverPackageInstallW  (0x0)
INFO    - ENTER:  DriverPackageInstallW
INFO    - Looking for Model Section [SCProductions.NTamd64]...
INFO    - No matching devices found in INF "C:\Users\vergil\Documents\Scarlet.Crush Productions\ScpServer\bin\System\BthWinUsb.inf" on the Machine.
INFO    - RETURN: DriverPackageInstallW  (0xE000020B)
INFO    - ENTER:  DriverPackageInstallW
INFO    - Looking for Model Section [SCProductions.NTamd64]...
INFO    - RETURN: DriverPackageInstallW  (0xE000020B)

Install Succeeded.

-- Install Summary --
Bus Device
Bus Driver


INFO    - ENTER:  DriverPackageInstallW
INFO    - Looking for Model Section [SCProductions.NTamd64]...
INFO    - RETURN: DriverPackageInstallW  (0x103)
INFO    - ENTER:  DriverPackageInstallW
INFO    - Looking for Model Section [SCProductions.NTamd64]...
INFO    - No matching devices found in INF "C:\Users\vergil\Documents\Scarlet.Crush Productions\ScpServer\bin\System\BthWinUsb.inf" on the Machine.
INFO    - RETURN: DriverPackageInstallW  (0xE000020B)
INFO    - ENTER:  DriverPackageInstallW
INFO    - Looking for Model Section [SCProductions.NTamd64]...
INFO    - RETURN: DriverPackageInstallW  (0xE000020B)

Install Succeeded.

-- Install Summary --


INFO    - ENTER:  DriverPackageInstallW
INFO    - Looking for Model Section [SCProductions.NTamd64]...
INFO    - RETURN: DriverPackageInstallW  (0x103)
INFO    - ENTER:  DriverPackageInstallW
INFO    - Looking for Model Section [SCProductions.NTamd64]...
INFO    - No matching devices found in INF "C:\Users\vergil\Documents\Scarlet.Crush Productions\ScpServer\bin\System\BthWinUsb.inf" on the Machine.
INFO    - RETURN: DriverPackageInstallW  (0xE000020B)
INFO    - ENTER:  DriverPackageInstallW
INFO    - Looking for Model Section [SCProductions.NTamd64]...
INFO    - RETURN: DriverPackageInstallW  (0xE000020B)

Install Succeeded.

-- Install Summary --



SCP Driver Installer 1.2.2.175 [4/30/2016 7:14:07 AM]

Detected - Microsoft Windows 10 Home Insider Preview (6.2.9200.0 AMD64)
Selected DEFAULT configuration.

INFO    - ENTER:  DriverPackageInstallW
INFO    - Looking for Model Section [SCProductions.NTamd64]...
INFO    - RETURN: DriverPackageInstallW  (0x103)
INFO    - ENTER:  DriverPackageInstallW
INFO    - Looking for Model Section [SCProductions.NTamd64]...
INFO    - No matching devices found in INF "C:\Users\vergil\Documents\Scarlet.Crush Productions\ScpServer\bin\System\BthWinUsb.inf" on the Machine.
INFO    - RETURN: DriverPackageInstallW  (0xE000020B)
INFO    - ENTER:  DriverPackageInstallW
INFO    - Looking for Model Section [SCProductions.NTamd64]...
INFO    - Installing INF file 'C:\Users\vergil\Documents\Scarlet.Crush Productions\ScpServer\bin\System\Ds3WinUsb.inf' (Plug and Play).
INFO    - Looking for Model Section [SCProductions.NTamd64]...
INFO    - Installing devices with Id "USB\VID_054C&PID_0268&REV_0100" using INF "C:\Windows\System32\DriverStore\FileRepository\ds3winusb.inf_amd64_15691982ca5c21ae\Ds3WinUsb.inf".
INFO    - ENTER UpdateDriverForPlugAndPlayDevices...
SUCCESS - RETURN UpdateDriverForPlugAndPlayDevices.
INFO    - Installation was successful.
SUCCESS - Install completed
INFO    - RETURN: DriverPackageInstallW  (0x0)

Install Succeeded.

-- Install Summary --
DS3 USB Driver


INFO    - ENTER:  DriverPackageInstallW
INFO    - Looking for Model Section [SCProductions.NTamd64]...
INFO    - RETURN: DriverPackageInstallW  (0x103)
INFO    - ENTER:  DriverPackageInstallW
INFO    - Looking for Model Section [SCProductions.NTamd64]...
INFO    - No matching devices found in INF "C:\Users\vergil\Documents\Scarlet.Crush Productions\ScpServer\bin\System\BthWinUsb.inf" on the Machine.
INFO    - RETURN: DriverPackageInstallW  (0xE000020B)
INFO    - ENTER:  DriverPackageInstallW
INFO    - Looking for Model Section [SCProductions.NTamd64]...
INFO    - RETURN: DriverPackageInstallW  (0x103)

Install Succeeded.

-- Install Summary --



