2016-04-14 20:45:01.919 ++ C:\Users\Vergil\Downloads\Compressed\Scarlet.Crush Productions\ScpServer\bin\ScpService.exe 1.2.2.175
2016-04-14 20:45:01.934 ++ C:\Users\Vergil\Downloads\Compressed\Scarlet.Crush Productions\ScpServer\bin\ScpControl.dll 1.2.2.175
2016-04-14 20:45:04.909 ++ Microsoft Windows 10 Enterprise (6.2.9200.0 AMD64)
2016-04-14 20:45:04.909 -- Bus Open   : Offset 0
2016-04-14 20:45:04.925 -- Bus Open   : Path \\?\ROOT#SYSTEM#0002#{F679F562-3164-42CE-A4DB-E7DDBE723909}
2016-04-14 20:45:04.972 ## Mapper.Initialize() - Profiles [5] Active [Default] Mappings [0]
2016-04-14 20:45:04.987 -- Controller : UDP_Worker_Thread Starting
2016-04-14 20:55:05.662 ## Mapper.Shutdown()
2016-04-14 20:55:05.677 -- Controller : UDP_Worker_Thread Exiting
2016-04-30 07:18:19.324 ++ Notify [Removal] [{E2824A09-DBAA-4407-85CA-C8E8FF5F6FFA}] [\\?\USB#VID_054C&PID_0268#6&7ED6F6A&0&2#{E2824A09-DBAA-4407-85CA-C8E8FF5F6FFA}]
2016-04-30 07:18:19.327 -- Device Removal [60:38:0E:E7:8F:27]
2016-04-30 07:18:19.331 -- USB Device : HID_Worker_Thread Exiting
2016-04-30 07:37:43.427 ## Mapper.Shutdown()
2016-04-30 07:37:43.427 -- Controller : UDP_Worker_Thread Exiting
2016-04-30 07:37:43.459 -- Bus Unplug : Serial 1
2016-04-30 08:00:33.323 ## Mapper.Shutdown()
2016-04-30 08:00:33.323 -- Controller : UDP_Worker_Thread Exiting
2016-04-30 08:15:54.896 ++ Suspended
2016-04-30 22:55:30.026 ++ Resumed
2016-04-30 23:03:10.717 ++ Suspended
2016-04-30 23:24:09.438 ++ Resumed
2016-05-01 01:52:15.161 ## Mapper.Shutdown()
2016-05-01 01:52:15.161 -- Controller : UDP_Worker_Thread Exiting
2016-05-01 11:04:39.999 ## Mapper.Shutdown()
2016-05-01 11:04:39.999 -- Controller : UDP_Worker_Thread Exiting
2016-05-03 14:06:50.599 ++ Suspended
2016-05-03 18:55:21.904 ++ Suspended
2016-05-05 05:52:58.368 ++ Resumed
2016-05-05 08:57:45.434 ++ Suspended
2016-05-11 05:15:40.389 ++ Resumed
2016-05-11 06:31:09.393 ++ Suspended
2016-05-12 18:08:54.418 ++ Resumed
2016-05-12 19:16:54.387 ## Mapper.Shutdown()
2016-05-12 19:16:54.403 -- Controller : UDP_Worker_Thread Exiting
2016-05-12 19:25:04.526 ## Mapper.Shutdown()
2016-05-12 19:25:04.526 -- Controller : UDP_Worker_Thread Exiting
2016-05-12 19:31:18.406 ## Mapper.Shutdown()
2016-05-12 19:31:18.406 -- Controller : UDP_Worker_Thread Exiting
2016-05-12 19:33:48.922 ## Mapper.Shutdown()
2016-05-12 19:33:48.922 -- Controller : UDP_Worker_Thread Exiting
2016-05-13 01:57:40.970 ++ Suspended
2016-05-13 02:00:25.509 ++ Resumed
2016-05-12 19:35:40.087 ++ Suspended
2016-05-12 19:37:04.643 ++ Resumed
2016-05-12 19:38:48.228 ++ Suspended
2016-05-13 00:03:23.624 ++ Resumed
2016-05-13 00:06:40.613 ## Mapper.Shutdown()
2016-05-13 00:06:40.629 -- Controller : UDP_Worker_Thread Exiting
2016-05-13 00:08:54.956 ## Mapper.Shutdown()
2016-05-13 00:08:54.956 -- Controller : UDP_Worker_Thread Exiting
2016-05-13 00:20:30.762 ## Mapper.Shutdown()
2016-05-13 00:20:30.778 -- Controller : UDP_Worker_Thread Exiting
2016-05-13 04:18:21.491 ++ Suspended
2016-05-13 05:30:32.045 ++ Resumed
2016-05-13 06:20:30.344 -- Controller : UDP_Worker_Thread Exiting
2016-05-13 06:20:30.359 ## Mapper.Shutdown()
2016-05-13 06:43:15.751 ## Mapper.Shutdown()
2016-05-13 06:43:15.763 -- Controller : UDP_Worker_Thread Exiting
2016-05-13 09:44:34.811 ++ Suspended
2016-05-13 13:57:00.266 ++ Resumed
2016-05-13 19:09:58.009 ++ Suspended
2016-05-13 20:03:54.149 ++ Resumed
2016-05-13 20:27:00.539 ++ Suspended
2016-05-13 20:31:09.636 ++ Resumed
2016-05-13 20:31:26.492 ++ Suspended
2016-05-13 20:31:36.893 ++ Suspended
2016-05-13 20:31:52.981 ++ Resumed
2016-05-13 22:22:34.193 ++ Suspended
2016-05-14 06:48:05.731 ++ Resumed
2016-05-14 07:59:44.876 ++ Suspended
2016-05-14 08:21:41.245 ++ Resumed
2016-05-14 08:26:06.290 ++ Suspended
2016-05-14 09:04:07.042 ++ Resumed
2016-05-14 11:36:44.518 ## Mapper.Shutdown()
2016-05-14 11:36:44.533 -- Controller : UDP_Worker_Thread Exiting
2016-05-15 08:43:07.514 ## Mapper.Shutdown()
2016-05-15 08:43:07.529 -- Controller : UDP_Worker_Thread Exiting
2016-05-15 09:07:51.231 ## Mapper.Shutdown()
2016-05-15 09:07:51.247 -- Controller : UDP_Worker_Thread Exiting
2016-05-16 12:30:57.470 ++ Suspended
2016-05-16 13:22:21.078 ++ Resumed
2016-05-16 13:23:11.361 ++ Suspended
2016-05-16 17:27:05.476 ++ Resumed
2016-05-16 17:28:28.173 ## Mapper.Shutdown()
2016-05-16 17:28:28.188 -- Controller : UDP_Worker_Thread Exiting
2016-05-17 03:16:12.300 ++ Suspended
2016-05-19 09:21:42.718 ++ Resumed
2016-05-19 09:28:05.243 ++ Suspended
2016-05-19 09:28:20.193 ++ Resumed
2016-05-19 09:28:26.396 ## Mapper.Shutdown()
2016-05-19 09:28:26.396 -- Controller : UDP_Worker_Thread Exiting
2016-05-19 09:30:44.897 ++ Suspended
2016-05-19 09:31:19.262 ++ Resumed
2016-05-19 09:32:53.106 ## Mapper.Shutdown()
2016-05-19 09:32:53.121 -- Controller : UDP_Worker_Thread Exiting
2016-05-19 12:10:56.889 ++ Suspended
2016-05-19 12:31:37.528 ++ Resumed
2016-05-19 13:28:41.720 ++ Suspended
2016-05-19 13:37:55.264 ++ Resumed
2016-05-19 13:59:01.460 ## Mapper.Shutdown()
2016-05-19 13:59:01.460 -- Controller : UDP_Worker_Thread Exiting
2016-05-19 15:22:01.003 ++ Suspended
2016-05-23 16:44:54.617 ++ Resumed
2016-05-23 13:21:08.859 ++ Suspended
2016-05-24 07:12:35.199 ++ Resumed
2016-05-24 07:33:48.817 ## Mapper.Shutdown()
2016-05-24 07:33:48.833 -- Controller : UDP_Worker_Thread Exiting
2016-05-24 14:55:49.704 ++ Suspended
2016-05-24 15:44:14.279 ++ Resumed
2016-05-24 17:22:30.220 ++ Suspended
2016-05-24 20:56:45.263 ++ Resumed
2016-05-25 00:14:11.729 ++ Suspended
2016-05-25 14:02:54.278 ++ Resumed
2016-05-25 17:17:29.665 ++ Suspended
2016-05-25 18:10:02.430 ++ Resumed
2016-05-25 18:14:07.573 ++ Suspended
2016-05-25 18:14:49.943 ++ Resumed
2016-05-25 19:50:48.738 ## Mapper.Shutdown()
2016-05-25 19:50:48.753 -- Controller : UDP_Worker_Thread Exiting
2016-05-25 22:34:24.516 ++ Suspended
2016-05-26 14:23:11.563 ++ Resumed
2016-05-26 14:23:18.798 ## Mapper.Shutdown()
2016-05-26 14:23:18.817 -- Controller : UDP_Worker_Thread Exiting
2016-05-26 16:01:15.321 ++ Suspended
2016-05-26 16:08:52.418 ++ Resumed
2016-05-26 17:11:15.635 ++ Suspended
2016-05-26 17:52:57.511 ++ Resumed
2016-05-26 19:42:21.764 ++ Suspended
2016-05-26 19:43:05.282 ++ Resumed
2016-05-26 19:48:01.690 ## Mapper.Shutdown()
2016-05-26 19:48:01.705 -- Controller : UDP_Worker_Thread Exiting
2016-05-26 23:01:52.615 ++ Suspended
2016-05-27 04:33:39.363 ++ Resumed
2016-05-27 12:39:14.836 ## Mapper.Shutdown()
2016-05-27 12:39:14.836 -- Controller : UDP_Worker_Thread Exiting
